darren(12229_ddRADseq3_MH)	2014-07-07 17:10:22 -> 17:42:41
darren(12229_ddRADseq3_MH)	2014-07-07 17:45:16 -> 18:17:44
darren(12229_ddRADseq3_MH)	2014-07-07 18:22:27 -> 19:01:30
morlurie(A1_redSeq)	2014-07-08 06:40:28 -> 08:34:27
darren(MZA_1_SC5314)	2014-07-08 14:33:52 -> 14:43:51
darren(MZA_7)	2014-07-08 15:07:11 -> 15:08:44
darren(MZA_2)	2014-07-08 15:08:39 -> 15:12:41
darren(MZA_5)	2014-07-08 15:07:56 -> 15:15:24
darren(MZA_6)	2014-07-08 15:07:31 -> 15:16:23
darren(MZA_3)	2014-07-08 15:08:28 -> 15:19:52
darren(12229_ddRADseq3_MH)	2014-07-08 14:43:37 -> 15:23:20
darren(MZA_8)	2014-07-08 15:07:32 -> 15:27:15
meleahhickman(SC5314)[ddRADseq 2:3]	2014-07-09 12:50:15 -> 15:07:05
darren(MZA_1_SC5314_b)[ddRADseq 2:1]	2014-07-09 16:25:11 -> 16:33:07
darren(MZA_1_SC5314_a)[ddRADseq 2:1]	2014-07-09 16:38:28 -> 16:53:10
darren(MZA_8_b)[ddRADseq 2:1]	2014-07-09 16:39:35 -> 16:56:06
darren(MZA_8_a)[ddRADseq 2:1]	2014-07-09 16:39:27 -> 17:03:55
meleahhickman(MH97)[ddRADseq 2:3]	2014-07-09 15:30:35 -> 17:16:20
meleahhickman(MH99)[ddRADseq 2:3]	2014-07-09 15:42:44 -> 17:38:48
meleahhickman(MH101)[ddRADseq 2:3]	2014-07-09 15:46:19 -> 17:46:41
meleahhickman(MAH98)[ddRADseq 2:3]	2014-07-09 15:36:54 -> 17:53:53
meleahhickman(MH105)[ddRADseq 2:3]	2014-07-09 16:16:09 -> 18:14:23
meleahhickman(MH108)[ddRADseq 2:3]	2014-07-09 16:19:39 -> 18:16:48
meleahhickman(MH102)[ddRADseq 2:3]	2014-07-09 16:03:26 -> 18:18:05
meleahhickman(MH104)[ddRADseq 2:3]	2014-07-09 16:15:28 -> 18:22:38
meleahhickman(MH103)[ddRADseq 2:3]	2014-07-09 16:14:25 -> 18:34:11
default(Candida_albicans_SC5314__A21-s02-m08-r09)[genome]	morlurie(C1_radseq)[ddRADseq 2:1]	2014-07-14 01:34:03 -> 01:37:16
morlurie(C1)[ddRADseq 2:1]	2014-07-14 01:39:58 -> 01:43:11
default(Candida_albicans_SC5314__A21-s02-m08-r09)[genome]	default(Candida_albicans_SC5314__A21-s02-m08-r09)[genome]	default(Candida_albicans_SC5314__A21-s02-m08-r09)[genome]	darren(MZA_8_b)[ddRADseq 2:1]	2014-07-14 19:09:51 -> 19:22:31
darren(MZA_8_c)[ddRADseq 2:1]	2014-07-14 19:59:52 -> 20:12:23
darren(MZA_8_c)[ddRADseq 2:1]	2014-07-14 20:27:08 -> 20:40:21
darren(MZA_8_c)[ddRADseq 2:1]	2014-07-14 20:51:04 -> 21:03:59
darren(MZA_8_c)[ddRADseq 2:1]	2014-07-14 21:12:48 -> 21:20:59
darren(MZA_8_d)[ddRADseq 2:1]	2014-07-14 21:15:19 -> 21:23:30
darren(MZA_8_c)[ddRADseq 2:1]	2014-07-14 21:24:48 -> 21:37:40
darren(MZA_1_SC5314)[ddRADseq 2:1]	2014-07-14 21:42:48 -> 21:50:11
darren(MZA_8_d)[ddRADseq 2:1]	2014-07-14 21:41:48 -> 21:54:53
darren(MZA_8_a)[ddRADseq 2:1]	2014-07-14 22:28:33 -> 22:37:50
darren(MZA_8_a)[ddRADseq 2:1]	2014-07-14 22:58:42 -> 23:07:54
darren(MZA_8_a)[ddRADseq 2:1]	2014-07-14 23:14:37 -> 23:27:38
darren(MZA_8_a)[ddRADseq 2:1]	2014-07-14 23:29:19 -> 23:42:21
darren(MZA_8_b)[ddRADseq 2:1]	2014-07-14 23:52:57 -> 00:05:55
darren(MZA_8_b)[ddRADseq 2:1]	2014-07-15 00:07:29 -> 00:20:28
darren(MZA_8_c)[ddRADseq 2:1]	2014-07-15 00:27:30 -> 00:40:29
darren(MZA_8_d)[ddRADseq 2:1]	2014-07-15 00:41:45 -> 00:54:48
darren(MZA_8_d)[ddRADseq 2:1]	2014-07-15 01:00:45 -> 01:13:50
darren(MZA_8_d)[ddRADseq 2:1]	2014-07-15 01:39:17 -> 01:44:53
darren(MZA_8_d)[ddRADseq 2:1]	2014-07-15 01:46:32 -> 01:52:07
darren(MZA_8_d)[ddRADseq 2:1]	2014-07-15 01:59:41 -> 02:08:16
darren(MZA_8_d)[ddRADseq 2:1]	2014-07-15 02:12:48 -> 02:35:44
morlurie(A2)[ddRADseq 2:1]	2014-07-15 01:59:49 -> 02:54:25
darren(MZA_8_d)[ddRADseq 2:1]	2014-07-15 02:43:42 -> 03:10:47
morlurie(A2_2)[ddRADseq 2:1]	2014-07-15 03:15:18 -> 04:10:19
darren(MZA_8_d)[ddRADseq 2:1]	2014-07-15 03:45:06 -> 04:12:06
darren(MZA_8_e)[ddRADseq 2:1]	2014-07-15 04:24:51 -> 04:50:59
darren(MZA_8_f)[ddRADseq 2:1]	2014-07-15 04:39:28 -> 05:05:49
darren(MZA_8_a)[ddRADseq 2:1]	2014-07-15 05:03:13 -> 05:29:26
darren(MZA_8_b)[ddRADseq 2:1]	2014-07-15 05:20:12 -> 05:47:46
morlurie(A1_notzip)[ddRADseq 2:1]	2014-07-15 04:33:16 -> 06:16:44
darren(MZA_8_c)[ddRADseq 2:1]	2014-07-15 05:39:26 -> 06:18:45
darren(MZA_8_d)[ddRADseq 2:1]	2014-07-15 05:49:19 -> 06:30:01
darren(MZA_8_e)[ddRADseq 2:1]	2014-07-15 06:14:44 -> 06:55:42
darren(MZA_8_f)[ddRADseq 2:1]	2014-07-15 06:23:29 -> 07:05:01
darren(MZA_8_a)[ddRADseq 2:1]	2014-07-15 06:29:39 -> 07:11:34
darren(MZA_8_b)[ddRADseq 2:1]	2014-07-15 06:32:50 -> 07:13:52
darren(MZA_8_c)[ddRADseq 2:1]	2014-07-15 07:06:53 -> 07:45:57
darren(MZA_8_d)[ddRADseq 2:1]	2014-07-15 07:08:40 -> 07:47:42
darren(MZA_8_e)[ddRADseq 2:1]	2014-07-15 07:59:15 -> 08:11:27
darren(MHickman_SC5314)[ddRADseq 2:3]	2014-07-15 07:19:32 -> 08:17:39
darren(MZA_8_e)[ddRADseq 2:1]	2014-07-15 08:40:13 -> 08:48:42
morlurie(A1_zip)[ddRADseq 2:1]	2014-07-15 07:08:22 -> 09:02:31
darren(MZA_8_1)[ddRADseq 2:1]	2014-07-15 09:35:05 -> 10:15:19
darren(MZA_8_2)[ddRADseq 2:1]	2014-07-15 10:37:59 -> 10:56:19
darren(MZA_8_3)[ddRADseq 2:1]	2014-07-15 10:58:23 -> 11:17:12
darren(MZA_8_3b)[ddRADseq 2:1]	2014-07-15 11:29:26 -> 11:48:31
darren(MZA_8_3c)[ddRADseq 2:1]	2014-07-15 11:40:08 -> 11:56:06
darren(MZA_8_4)[ddRADseq 2:1]	2014-07-15 11:54:58 -> 12:05:38
darren(MZA_8_4)[ddRADseq 2:1]	2014-07-15 12:06:27 -> 12:25:53
darren(MHickman_SC5314_1)[ddRADseq 2:3]	2014-07-15 08:46:42 -> 14:12:08
darren(MHickman_SC5314_4)[ddRADseq 2:3]	2014-07-15 13:19:19 -> 15:17:11
morlurie(A1_3_nozip)[ddRADseq 2:1]	2014-07-16 07:00:36 -> 09:09:12
darren(MHickman_SC5314_4)[ddRADseq 2:3]	darren(MHickman_SC5314_4)[ddRADseq 2:3]	darren(MZA_8_3)[ddRADseq 2:1]	2014-07-17 01:36:25 -> 01:55:18
darren(MZA_8_3)[ddRADseq 2:1]	2014-07-17 02:36:38 -> 02:58:43
darren(MZA_8_3b)[ddRADseq 2:1]	2014-07-17 02:50:46 -> 03:13:22
darren(MHickman_SC5314_3)[ddRADseq 2:3]	2014-07-17 01:35:21 -> 03:22:24
darren(MZA_8_4)[ddRADseq 2:1]	2014-07-17 14:43:10 -> 14:59:08
darren(MZA_8_4)[ddRADseq 2:1]	2014-07-17 15:14:13 -> 15:30:08
darren(AForche_test)[ddRADseq 2:2]	2014-07-18 15:22:58 -> 16:36:10
darren(AForche_test)[ddRADseq 2:2]	2014-07-18 18:58:34 -> 20:10:19
darren(AForche_test2)[ddRADseq 2:2]	2014-07-18 19:15:18 -> 20:30:13
darren(AForche_test3)[ddRADseq 2:2]	2014-07-18 19:18:15 -> 20:32:32
morlurie(A1_zipb)[ddRADseq 2:1]	2014-07-20 02:38:12 -> 05:22:55
morlurie(H11_last)[ddRADseq 2:1]	2014-07-20 06:19:38 -> 07:35:57
morlurie(C1_last)[ddRADseq 2:1]	2014-07-20 07:38:22 -> 07:41:35
morlurie(C1_lasttry)[ddRADseq 2:1]	2014-07-20 08:01:07 -> 08:04:19
morlurie(c1_nozip)[ddRADseq 2:1]	2014-07-20 08:33:23 -> 08:36:35
fengtau(SCZ)[ddRADseq 2:1]	2014-07-21 07:35:52 -> 08:35:13
fengtau(Ca_16L)[ddRADseq 2:1]	2014-07-21 08:53:58 -> 09:21:59
fengtau(F11_27S)[ddRADseq 2:1]	2014-07-21 09:31:06 -> 09:33:17
fengtau(H11_SC)[ddRADseq 2:1]	2014-07-21 09:21:59 -> 09:34:38
fengtau(F9_16S)[ddRADseq 2:1]	2014-07-21 09:25:41 -> 09:43:29
fengtau(C3_BG2)[ddRADseq 2:1]	2014-07-21 09:56:31 -> 09:59:22
fengtau(E7_BG2)[ddRADseq 2:1]	2014-07-21 09:57:14 -> 10:00:01
fengtau(F5_BG2)[ddRADseq 2:1]	2014-07-21 09:58:10 -> 10:02:13
fengtau(H7_BG2)[ddRADseq 2:1]	2014-07-21 09:59:50 -> 10:03:45
fengtau(G6_SC)[ddRADseq 2:1]	2014-07-21 10:09:50 -> 11:10:22
fengtau(D6_SC)[ddRADseq 2:1]	2014-07-21 11:42:06 -> 11:42:42
fengtau(E9_SC)[ddRADseq 2:1]	2014-07-21 11:44:18 -> 11:58:12
fengtau(E9_SC_2nd)[ddRADseq 2:1]	2014-07-21 12:19:32 -> 12:45:28
fengtau(D6_SC)[ddRADseq 2:1]	2014-07-21 11:51:39 -> 12:48:33
fengtau(H11_SC)[ddRADseq 2:1]	2014-07-21 11:38:51 -> 12:53:47
fengtau(G4_12)[ddRADseq 2:1]	2014-07-21 15:15:49 -> 15:16:55
darren(Justin_test)[ddRADseq 2:1]	2014-07-21 14:30:00 -> 15:46:47
fengtau(G5_12Z)[ddRADseq 2:1]	2014-07-21 15:31:36 -> 16:03:22
fengtau(F10_16L)[ddRADseq 2:1]	2014-07-21 15:13:27 -> 16:16:37
aforche(RAD1)[ddRADseq 2:2]	2014-07-21 15:52:14 -> 17:07:00
fengtau(G1_60S)[ddRADseq 2:1]	2014-07-22 03:09:55 -> 03:44:09
fengtau(G3_60L)[ddRADseq 2:1]	2014-07-22 03:00:01 -> 03:50:26
fengtau(F11VSSELF)[ddRADseq 2:1]	2014-07-22 03:05:40 -> 03:53:42
fengtau(F12_27L)[ddRADseq 2:1]	2014-07-22 03:09:24 -> 04:04:07
fengtau(F9_16S)[ddRADseq 2:1]	2014-07-22 03:12:26 -> 04:09:33
fengtau(F11_27S)[ddRADseq 2:1]	2014-07-22 03:08:06 -> 04:26:15
fengtau(F12VSSELF)[ddRADseq 2:1]	2014-07-22 10:46:39 -> 11:06:42
fengtau(G1_60SVSSLEF)[ddRADseq 2:1]	2014-07-22 11:34:15 -> 11:40:37
fengtau(F9_16SVSSLEF)[ddRADseq 2:1]	2014-07-22 11:35:15 -> 11:47:10
fengtau(F10_16LVSSELF)[ddRADseq 2:1]	2014-07-22 11:38:47 -> 12:04:47
fengtau(G4_12_FY372_VS_SELF)[ddRADseq 2:1]	2014-07-22 12:11:08 -> 12:12:10
fengtau(G5_12Z1_FY372Z1_VS_SELF)[ddRADseq 2:1]	2014-07-22 12:13:11 -> 12:19:43
fengtau(G3_60L_VS_SELF)[ddRADseq 2:1]	2014-07-22 12:10:30 -> 12:27:06
aforche(piv)[ddRADseq 2:2]	2014-07-22 11:32:30 -> 12:42:11
fengtau(G8_1Z1_FY361Z1_VS_SELF)[ddRADseq 2:1]	2014-07-22 12:34:17 -> 13:30:00
fengtau(H1_14_FY374_VSSELF)[ddRADseq 2:1]	2014-07-22 11:53:52 -> 13:32:15
fengtau(G7_1_FY361_VS_SELF)[ddRADseq 2:1]	2014-07-22 12:28:22 -> 14:45:41
aforche(OPC_F8)[ddRADseq 2:2]	2014-07-22 13:04:12 -> 16:00:04
aforche(A1)[ddRADseq 2:2]	2014-07-22 18:06:23 -> 19:16:01
fengtau(H2_14Z1_FY374Z1_VS_SELF)[ddRADseq 2:1]	2014-07-23 05:36:06 -> 05:56:39
fengtau(G11_4_FY164_VS_SELF)[ddRADseq 2:1]	2014-07-23 05:31:21 -> 06:06:37
fengtau(G12_4Z1_FY364Z1_VS_SELF)[ddRADseq 2:1]	2014-07-23 05:34:42 -> 06:26:51
fengtau(H4_20Z1_FY380Z1_VS_SELF)[ddRADseq 2:1]	2014-07-23 05:51:58 -> 06:51:00
fengtau(H3_20_FY380_VS_SELF)[ddRADseq 2:1]	2014-07-23 05:41:53 -> 06:52:26
fengtau(H10_44Z1_FY422Z1-VS_SELF)[ddRADseq 2:1]	2014-07-23 06:50:09 -> 06:57:11
fengtau(H5_38_FY411_VS_SELF)[ddRADseq 2:1]	2014-07-23 06:11:22 -> 07:04:00
fengtau(H6_38Z1S_FY411Z1S_VS_SELF)[ddRADseq 2:1]	2014-07-23 06:15:28 -> 07:10:59
fengtau(H8_38Z1L_FY411Z1L_VS_SELF)[ddRADseq 2:1]	2014-07-23 06:24:42 -> 07:22:26
fengtau(H9_44_FY422_VS_SELF)[ddRADseq 2:1]	2014-07-23 06:47:38 -> 08:34:26
aforche(A3)[ddRADseq 2:2]	2014-07-23 09:19:04 -> 10:38:50
fengtau(C3)[ddRADseq 2:1]	2014-07-23 13:22:36 -> 13:26:05
fengtau(D6VSE9)[ddRADseq 2:1]	2014-07-23 14:17:58 -> 15:00:27
fengtau(E9VSD6)[ddRADseq 2:1]	2014-07-23 14:26:33 -> 15:10:25
fengtau(G6VSE9)[ddRADseq 2:1]	2014-07-23 14:38:56 -> 15:34:46
fengtau(E9VSG6)[ddRADseq 2:1]	2014-07-23 14:29:50 -> 15:35:03
aforche(A8)[ddRADseq 2:2]	2014-07-23 14:20:19 -> 15:42:53
fengtau(E9VSH11)[ddRADseq 2:1]	2014-07-23 14:31:03 -> 15:47:32
fengtau(H11VSE9)[ddRADseq 2:1]	2014-07-23 14:52:46 -> 15:54:30
fengtau(D6VSG6)[ddRADseq 2:1]	2014-07-23 14:22:23 -> 16:06:51
fengtau(G6VSD6)[ddRADseq 2:1]	2014-07-23 14:34:05 -> 16:17:35
fengtau(D6VSG11)[ddRADseq 2:1]	2014-07-23 14:25:48 -> 16:23:54
fengtau(H11VSD6)[ddRADseq 2:1]	2014-07-23 14:47:49 -> 16:40:14
fengtau(G6VSH11)[ddRADseq 2:1]	2014-07-23 14:42:43 -> 16:41:59
fengtau(H11VSG6)[ddRADseq 2:1]	2014-07-23 15:04:41 -> 16:57:32
aforche(AF7)[ddRADseq 2:2]	2014-07-23 15:50:18 -> 17:23:27
default(Candida_glabrata_CBS138__s02-m01-r23)[genome]	working -> 02:40:13
aforche(E10)[ddRADseq 2:2]	2014-07-24 10:03:12 -> 11:12:01
fengtau(C3)[ddRADseq 2:1]	2014-07-24 12:49:13 -> 12:52:33
aforche(F7)[ddRADseq 2:2]	2014-07-24 12:54:57 -> 14:14:55
darren1(CglabrataCBS138vers02-m04-r01)[genome]	2014-07-24 17:06:37 -> 19:16:14
darren1(C_albicans_WO-1)[genome]	2014-07-24 17:11:38 -> 19:20:17
darren1(CglabrataCBS138vers02-m04-r01)[genome]	darren1(S_cerevisiae_S288C_ver_R64-1-1)[genome]	2014-07-24 18:01:01 -> 22:24:15
darren1(Candida_tropicalis_MYA-3404)[genome]	2014-07-24 17:32:28 -> 00:34:06
fengtau(C3_BG2)[ddRADseq 2:1]	2014-07-25 00:58:51 -> 01:10:05
fengtau(Cg_E7_BG2)[ddRADseq 2:1]	2014-07-25 01:01:03 -> 01:12:01
fengtau(Cg_F5_BG2)[ddRADseq 2:1]	2014-07-25 01:01:49 -> 01:13:23
fengtau(Cg_C4_3S)[ddRADseq 2:1]	2014-07-25 01:26:07 -> 01:26:56
fengtau(Cg_H7_BG2)[ddRADseq 2:1]	2014-07-25 01:13:21 -> 01:28:50
fengtau(Cg_C1_1S)[ddRADseq 2:1]	2014-07-25 01:15:57 -> 01:30:54
fengtau(Cg_C5_3L)[ddRADseq 2:1]	2014-07-25 01:27:51 -> 01:40:35
fengtau(Cg_C2_1L)[ddRADseq 2:1]	2014-07-25 01:25:24 -> 01:45:33
fengtau(Cg_C6_4S)[ddRADseq 2:1]	2014-07-25 01:30:23 -> 01:49:11
fengtau(Cg_C7_4L)[ddRADseq 2:1]	2014-07-25 01:34:38 -> 01:58:49
fengtau(Cg_C3_VS_H7)[ddRADseq 2:1]	2014-07-25 01:38:28 -> 01:59:08
fengtau(Ct_F2_6SZ1)[ddRADseq 2:1]	2014-07-25 01:48:07 -> 02:05:55
fengtau(Ct_F_9SZ1)[ddRADseq 2:1]	2014-07-25 02:21:14 -> 02:27:43
darren1(C_albicans_SC5314_vA21-s02-m09-r07)[genome]	2014-07-24 16:19:05 -> 03:57:43
darren1(C_albicans_SC5314_vA21-s02-m09-r07_2nd)[genome]	2014-07-24 16:19:05 -> 04:57:14
darren1(C_albicans_SC5314_vA21-s02-m09-r07_python_profiling)[genome]	2014-07-24 16:19:05 -> 08:45:23
darren1(C_albicans_SC5314_vA21-s02-m09-r07_python_profiling)[genome]	darren1(SC5314_A21-s02-m09-r07)[WGseq 1:1]	2014-07-25 17:53:43 -> 19:25:49
darren1(12353_A21-s02-m09-r07)[WGseq 1:1]	2014-07-25 19:34:31 -> 19:59:31
darren1(testing)[WGseq 1:1]	2014-07-25 20:29:13 -> 23:33:09
darren1(Candida_albicans_SC5314_ver_A21-s02-m08-r09)[genome]	2014-07-25 17:26:11 -> 00:05:24
fengtau(Cg_C3_BG2)[ddRADseq 2:1]	2014-07-26 15:40:34 -> 15:54:22
darren1(12353_A21-s02-m09-r07_vs_testingHapmap)[WGseq 1:1]	2014-07-27 20:01:10 -> 20:26:03
darren1(12353_A21-s02-m08-r09)[WGseq 1:1]	2014-07-27 23:37:55 -> 00:01:14
darren1(12353_vs_hapmap_A21-s02-m09-r07)[WGseq 1:1]	2014-07-27 23:36:36 -> 00:01:42
darren1(SC5314_A21-s02-m08-r09)[WGseq 1:1]	2014-07-27 23:50:43 -> 00:26:30
darren1(12353_A21-s02-m08-r09)[WGseq 1:1]	2014-07-28 01:48:42 -> 02:13:26
darren1(12353_vs_hapmap_A21-s02-m08-r09)[WGseq 1:1]	2014-07-28 02:38:09 -> 03:03:12
darren1(Fig_02A)[WGseq 1:1]	2014-07-28 06:04:19 -> 07:21:51
fengtau(Ca_E9_SC_VS_SELF)[ddRADseq 2:1]	2014-07-28 10:01:42 -> 10:19:54
fengtau(Ca_E9_VS_G6)[ddRADseq 2:1]	2014-07-28 10:08:41 -> 10:27:07
fengtau(Ca_D6_SC_VS_SELF)[ddRADseq 2:1]	2014-07-28 10:00:58 -> 10:36:48
fengtau(Ca_F12_FY391-L_VS_SELF)[ddRADseq 2:1]	2014-07-28 10:19:47 -> 10:47:35
fengtau(Ca_E9_VS_D6)[ddRADseq 2:1]	2014-07-28 10:07:42 -> 10:49:02
fengtau(Ca_G6_VS_E9)[ddRADseq 2:1]	2014-07-28 10:11:41 -> 10:50:42
fengtau(Ca_E9_VS_H11)[ddRADseq 2:1]	2014-07-28 10:09:18 -> 10:58:48
fengtau(Ca_H11_SC_VS_SELF)[ddRADseq 2:1]	2014-07-28 10:04:16 -> 11:00:31
fengtau(Ca_D6_VS_E9)[ddRADseq 2:1]	2014-07-28 10:05:28 -> 11:03:09
fengtau(Ca_F11_FY391-S_VS_SELF)[ddRADseq 2:1]	2014-07-28 10:18:14 -> 11:03:45
fengtau(Ca_H11_VS_D6)[ddRADseq 2:1]	2014-07-28 10:13:45 -> 11:12:25
fengtau(Ca_H11_VS_E9)[ddRADseq 2:1]	2014-07-28 10:14:50 -> 11:19:55
fengtau(Ca_G6_VS_D6)[ddRADseq 2:1]	2014-07-28 10:10:12 -> 11:23:59
fengtau(Ca_G6_SC_VS_SELF)[ddRADseq 2:1]	2014-07-28 10:03:21 -> 11:24:52
fengtau(Ca_D6_VS_H11)[ddRADseq 2:1]	2014-07-28 10:06:57 -> 11:25:04
fengtau(Ca_G6_VS_H11)[ddRADseq 2:1]	2014-07-28 10:12:36 -> 11:26:22
fengtau(Ca_H5_FY411_VS_SELF)[ddRADseq 2:1]	2014-07-28 10:21:49 -> 11:43:14
fengtau(Ca_D6_VS_G6)[ddRADseq 2:1]	2014-07-28 10:06:15 -> 11:43:38
fengtau(Ca_H11_VS_G6)[ddRADseq 2:1]	2014-07-28 10:16:47 -> 12:10:28
darren1(Fig_03A)[WGseq 1:1]	2014-07-28 11:24:24 -> 12:27:45
darren1(Fig_03B)[WGseq 1:1]	2014-07-28 11:24:38 -> 12:29:42
darren1(Fig_02B)[WGseq 1:1]	2014-07-28 11:01:14 -> 12:37:31
fengtau(Ca_H9_FY422_VS_SELF)[ddRADseq 2:1]	2014-07-28 10:44:47 -> 13:25:26
darren1(Fig_02Awith_annotations)[WGseq 1:1]	2014-07-28 12:03:19 -> 13:32:47
darren1(Fig_02B_with_annotations)[WGseq 1:1]	2014-07-28 12:03:35 -> 13:33:35
darren1(Fig_04_SC5314)[ddRADseq 2:3]	2014-07-28 11:52:20 -> 13:59:54
aforche(E10)[ddRADseq 2:2]	2014-07-28 12:56:50 -> 14:08:36
darren1(Fig_02B)[WGseq 1:1]	2014-07-28 13:41:12 -> 15:06:36
darren1(Fig_02A)[WGseq 1:1]	2014-07-28 13:53:53 -> 15:15:55
fengtau(JB-H11-hapmapped)[ddRADseq 2:1]	2014-07-28 15:40:50 -> 17:13:25
fengtau(JB-FYSCmerged4)[ddRADseq 2:1]	2014-07-28 16:43:27 -> 17:58:48
darren1(Fig_04_9442_vs_SC5314)[ddRADseq 2:3]	2014-07-28 14:18:15 -> 18:25:18
darren1(Fig_04_9442_vs_hapmap)[ddRADseq 2:3]	2014-07-28 14:19:18 -> 18:27:57
darren1(Fig_04_11461_vs_SC5314)[ddRADseq 2:3]	2014-07-28 14:18:16 -> 18:43:24
darren1(Fig_04_11461_vs_hapmap)[ddRADseq 2:3]	2014-07-28 14:19:19 -> 18:45:30
darren1(Fig_04_9442)[ddRADseq 2:3]	2014-07-28 14:17:22 -> 18:51:08
darren1(Fig_02A)[WGseq 1:1]	2014-07-28 17:34:42 -> 18:59:57
darren1(Fig_02B)[WGseq 1:1]	2014-07-28 17:34:47 -> 19:00:29
darren1(Fig_04_11461)[ddRADseq 2:3]	2014-07-28 14:16:51 -> 19:08:07
morlurie(A1_rad_zip)[ddRADseq 2:1]	2014-07-29 07:01:32 -> 08:50:07
darren1(blackBarError_dataset_Cg_C6_4S)[ddRADseq 2:1]	darren1(blackBarError_dataset_Cg_C6_4S)[ddRADseq 2:1]	darren1(blackBarError_dataset_Cg_C6_4S)[ddRADseq 2:1]	darren1(blackBarError_dataset_Cg_C6_4S)[ddRADseq 2:1]	darren1(test_combined_ddRADseq)[ddRADseq 2:1]	2014-07-30 04:03:28 -> 06:02:33
darren1(blackBarError_dataset_Cg_C6_4S)[ddRADseq 2:1]	darren1(blackBarError_dataset_Cg_C6_4S)[ddRADseq 2:1]	darren1(blackBarError_dataset_Cg_C6_4S)[ddRADseq 2:1]	darren1(blackBarError_dataset_Cg_C6_4S)[ddRADseq 2:1]	darren1(blackBarError_dataset_Cg_C6_4S)[ddRADseq 2:1]	darren1(blackBarError_dataset_Cg_C6_4S)[ddRADseq 2:1]	darren1(blackBarError_dataset_Cg_C6_4S)[ddRADseq 2:1]	darren1(test_27L)[ddRADseq 2:1]	2014-07-30 10:44:46 -> 12:05:02
darren1(blackBarError_dataset_Cg_C6_4S)[ddRADseq 2:1]	darren1(blackBarError_dataset_Cg_C6_4S)[ddRADseq 2:1]	darren1(blackBarError_dataset_Cg_C6_4S)[ddRADseq 2:1]	darren1(test_27S)[ddRADseq 2:1]	2014-07-30 11:14:45 -> 13:17:49
darren1(blackBarError_dataset_Cg_C6_4S)[ddRADseq 2:1]	darren1(blackBarError_dataset_Cg_C6_4S)[ddRADseq 2:1]	darren1(blackBarError_dataset_Cg_C6_4S)[ddRADseq 2:1]	darren1(test_27L)[ddRADseq 2:1]	darren1(test_27L)[ddRADseq 2:1]	darren1(test_27L)[ddRADseq 2:1]	aforche(E12)[ddRADseq 2:2]	2014-07-30 15:49:26 -> 16:53:49
darren1(test_27L)[ddRADseq 2:1]	darren1(Fig_02A)[WGseq 1:1]	2014-07-30 18:11:19 -> 19:36:53
darren1(Fig_02B)[WGseq 1:1]	2014-07-30 18:11:27 -> 19:37:48
darren1(test_27L)[ddRADseq 2:1]	2014-07-30 19:16:42 -> 20:40:21
darren1(test_27S)[ddRADseq 2:1]	2014-07-30 19:17:04 -> 21:21:46
darren1(test_27L)[ddRADseq 2:1]	darren1(test_27L)[ddRADseq 2:1]	darren1(test_27L)[ddRADseq 2:1]	darren1(test_27L_)[ddRADseq 2:1]	2014-07-30 21:37:12 -> 23:01:12
darren1(test_27L)[ddRADseq 2:1]	darren1(test_27L)[ddRADseq 2:1]	darren1(test_27S)[ddRADseq 2:1]	2014-07-30 21:35:55 -> 23:41:01
darren1(test_27L)[ddRADseq 2:1]	darren1(Fig_04_9442_)[ddRADseq 2:3]	2014-07-30 21:56:51 -> 01:52:36
darren1(Fig_04_11461_)[ddRADseq 2:3]	2014-07-30 21:56:13 -> 02:15:26
darren1(Fig_04_9442_vs_SC5314)[ddRADseq 2:3]	2014-07-30 22:26:07 -> 02:25:17
darren1(test_27L)[ddRADseq 2:1]	darren1(test_27L)[ddRADseq 2:1]	darren1(Fig_04_9442_raw)[ddRADseq 2:3]	2014-07-30 22:23:45 -> 03:51:51
darren1(test_27L)[ddRADseq 2:1]	darren1(Fig_04_9442_v_SC5314)[ddRADseq 2:3]	2014-07-31 04:05:54 -> 06:56:52
darren1(Fig_04_9442_vSC5314_v_hapmap)[ddRADseq 2:3]	2014-07-31 04:05:43 -> 06:58:14
darren1(Fig_04_11461_v_SC5314)[ddRADseq 2:3]	2014-07-31 04:04:06 -> 07:13:05
darren1(Fig_04_11461_v_SC5314_v_hapmap)[ddRADseq 2:3]	2014-07-31 04:03:56 -> 07:14:15
darren1(Fig_04_9442)[ddRADseq 2:3]	2014-07-31 04:05:58 -> 08:56:50
darren1(Fig_04_9442_v_hapmap)[ddRADseq 2:3]	2014-07-31 04:05:51 -> 09:00:58
darren1(Fig_04_11461)[ddRADseq 2:3]	2014-07-31 04:02:32 -> 09:13:08
darren1(Fig_04_11461_v_hapmap)[ddRADseq 2:3]	2014-07-31 04:04:03 -> 09:19:03
darren1(Fig_04_9442)[ddRADseq 2:3]	2014-07-31 18:47:24 -> 23:10:17
darren1(Fig_04_11461)[ddRADseq 2:3]	2014-07-31 18:46:57 -> 23:22:44
aforche(E10)[ddRADseq 2:2]	2014-08-01 09:07:42 -> 10:01:29
aforche(D8)[ddRADseq 2:2]	2014-08-01 14:46:59 -> 15:51:57
aforche(E5)[ddRADseq 2:2]	2014-08-02 17:29:59 -> 17:57:10
aforche(B10)[ddRADseq 2:2]	2014-08-02 18:16:39 -> 19:09:04
aforche(A4)[ddRADseq 2:2]	2014-08-02 20:03:31 -> 21:04:21
aforche(A5)[ddRADseq 2:2]	2014-08-02 21:48:23 -> 22:36:47
fengtau(Ct_F4_9SZ1)[ddRADseq 2:1]	2014-08-03 01:36:55 -> 01:38:04
fengtau(Ct_E3_WT)[ddRADseq 2:1]	2014-08-03 01:32:45 -> 01:40:15
fengtau(Ct_F2_6SZ1)[ddRADseq 2:1]	2014-08-03 01:35:50 -> 01:40:26
fengtau(Ct_G2_WT)[ddRADseq 2:1]	2014-08-03 01:34:39 -> 01:43:37
fengtau(Ct_D1_WT)[ddRADseq 2:1]	2014-08-03 01:31:34 -> 01:47:12
fengtau(Ct_F4_2)[ddRADseq 2:1]	2014-08-03 01:47:15 -> 01:50:49
fengtau(Ct_C8_WT)[ddRADseq 2:1]	2014-08-03 01:29:10 -> 01:51:16
fengtau(Ct_F2_2)[ddRADseq 2:1]	2014-08-03 02:08:46 -> 02:12:20
fengtau(Ct_F2_1)[ddRADseq 2:1]	2014-08-03 02:14:21 -> 02:24:14
morlurie(D1_nozip)[ddRADseq 2:1]	2014-08-03 03:20:29 -> 03:21:42
morlurie(26)[WGseq 1:1]	2014-08-03 07:08:00 -> 07:34:15
aforche(A6)[ddRADseq 2:2]	2014-08-03 10:27:07 -> 11:12:48
aforche(A7)[ddRADseq 2:2]	2014-08-03 11:46:09 -> 12:48:46
aforche(A8)[ddRADseq 2:2]	2014-08-03 14:42:13 -> 15:31:15
aforche(A9)[ddRADseq 2:2]	2014-08-03 15:54:40 -> 16:37:04
aforche(A10)[ddRADseq 2:2]	2014-08-03 20:14:32 -> 20:57:47
aforche(A11)[ddRADseq 2:2]	2014-08-03 21:13:25 -> 22:09:49
morlurie(30)[WGseq 1:1]	2014-08-04 07:51:21 -> 08:43:35
aforche(A12)[ddRADseq 2:2]	2014-08-04 09:23:28 -> 10:20:42
aforche(B1)[ddRADseq 2:2]	2014-08-04 10:47:55 -> 12:03:04
aforche(B2)[ddRADseq 2:2]	2014-08-04 13:51:22 -> 14:33:51
aforche(B3)[ddRADseq 2:2]	2014-08-05 11:50:31 -> 12:43:23
aforche(B4)[ddRADseq 2:2]	2014-08-05 13:10:37 -> 13:49:52
aforche(B5)[ddRADseq 2:2]	2014-08-05 14:10:05 -> 14:47:34
morlurie(b3)[WGseq 1:1]	2014-08-06 02:07:46 -> 02:52:23
morlurie(b3_26hap)[WGseq 1:1]	2014-08-06 03:55:30 -> 04:40:59
morlurie(5fc)[WGseq 1:1]	2014-08-06 06:21:30 -> 07:15:42
aforche(B6)[ddRADseq 2:2]	2014-08-06 20:20:15 -> 21:07:20
fengtau(Ca_F12_27L)[ddRADseq 2:1]	2014-08-07 02:56:02 -> 03:34:34
fengtau(Ca_G1_60S)[ddRADseq 2:1]	2014-08-07 03:14:30 -> 03:41:47
fengtau(Ca_F10_16L)[ddRADseq 2:1]	2014-08-07 02:57:19 -> 03:45:12
fengtau(Ca_F9_16S)[ddRADseq 2:1]	2014-08-07 02:59:30 -> 03:54:36
fengtau(Ca_G3_60L)[ddRADseq 2:1]	2014-08-07 03:16:01 -> 04:09:34
fengtau(Ca_F11_27S)[ddRADseq 2:1]	2014-08-07 03:12:29 -> 04:46:23
fengtau(Ca_G7_1)[ddRADseq 2:1]	2014-08-07 03:43:46 -> 05:54:53
fengtau(Ca_H1_14)[ddRADseq 2:1]	2014-08-07 04:11:07 -> 06:04:38
darren1(Ct_combined_parents)[ddRADseq 2:1]	2014-08-07 05:00:34 -> 06:18:32
fengtau(Ca_H5_38)[ddRADseq 2:1]	2014-08-07 04:49:40 -> 06:56:03
fengtau(Ca_H9_44)[ddRADseq 2:1]	2014-08-07 05:19:43 -> 07:42:48
fengtau(Ct_F2_6SZ1)[ddRADseq 2:1]	2014-08-07 07:53:55 -> 08:08:58
fengtau(Ct_WT_Combined)[ddRADseq 2:1]	2014-08-07 07:36:19 -> 08:50:52
aforche(B7)[ddRADseq 2:2]	2014-08-07 08:45:01 -> 09:30:22
aforche(B8)[ddRADseq 2:2]	2014-08-07 09:49:56 -> 09:57:04
aforche(B9)[ddRADseq 2:2]	2014-08-07 09:53:22 -> 10:50:16
aforche(B10)[ddRADseq 2:2]	2014-08-07 11:03:28 -> 11:09:59
aforche(B12)[ddRADseq 2:2]	2014-08-07 11:05:28 -> 11:36:18
aforche(B11)[ddRADseq 2:2]	2014-08-07 11:21:07 -> 12:06:21
darren1(Cg_combined_parents)[ddRADseq 2:1]	2014-08-07 13:42:06 -> 14:09:58
aforche(C4)[ddRADseq 2:2]	2014-08-07 13:58:31 -> 14:21:12
aforche(C2)[ddRADseq 2:2]	2014-08-07 13:58:40 -> 14:35:26
aforche(C1)[ddRADseq 2:2]	2014-08-07 13:58:44 -> 14:41:27
aforche(C3)[ddRADseq 2:2]	2014-08-07 14:01:43 -> 14:57:26
darren1(Ct_combined_parents)[ddRADseq 2:1]	2014-08-07 13:42:45 -> 15:01:00
darren1(Ct-9SZ1_F4)[ddRADseq 2:1]	2014-08-07 18:02:28 -> 18:06:15
darren1(Ct-6SZ1_F2)[ddRADseq 2:1]	2014-08-07 18:02:38 -> 18:14:20
aforche(C7)[ddRADseq 2:2]	2014-08-08 10:34:18 -> 10:53:49
aforche(C6)[ddRADseq 2:2]	2014-08-08 10:34:23 -> 10:55:17
aforche(C8)[ddRADseq 2:2]	2014-08-08 10:38:19 -> 11:41:32
aforche(C5)[ddRADseq 2:2]	2014-08-08 10:39:04 -> 11:52:48
aforche(C10)[ddRADseq 2:2]	2014-08-08 12:45:34 -> 13:20:43
aforche(C11)[ddRADseq 2:2]	2014-08-08 12:50:21 -> 13:56:31
aforche(C12)[ddRADseq 2:2]	2014-08-08 12:50:07 -> 13:57:53
aforche(C9)[ddRADseq 2:2]	2014-08-08 13:49:09 -> 15:01:54
aforche(D4)[ddRADseq 2:2]	2014-08-08 14:57:46 -> 15:15:41
aforche(D1)[ddRADseq 2:2]	2014-08-08 14:57:09 -> 15:51:20
aforche(D7)[ddRADseq 2:2]	2014-08-08 15:57:52 -> 16:35:09
aforche(D3)[ddRADseq 2:2]	2014-08-08 15:58:14 -> 16:47:35
aforche(D2)[ddRADseq 2:2]	2014-08-08 16:04:55 -> 17:02:40
aforche(D5)[ddRADseq 2:2]	2014-08-08 16:09:29 -> 17:27:01
aforche(D6)[ddRADseq 2:2]	2014-08-08 16:09:54 -> 17:28:34
darren1(asdf)[genome]	2014-08-08 23:21:03 -> 06:02:55
aforche(D10)[ddRADseq 2:2]	2014-08-09 14:07:47 -> 14:35:31
aforche(D11)[ddRADseq 2:2]	2014-08-09 17:42:09 -> 17:48:23
aforche(D11)[ddRADseq 2:2]	2014-08-09 18:24:55 -> 18:40:44
aforche(D9)[ddRADseq 2:2]	2014-08-09 17:40:24 -> 18:47:09
aforche(D12)[ddRADseq 2:2]	2014-08-09 20:07:35 -> 21:05:58
aforche(E2)[ddRADseq 2:2]	2014-08-09 22:27:31 -> 00:10:01
fengtau(Cg_combined)[ddRADseq 2:1]	2014-08-10 12:58:57 -> 13:13:27
fengtau(Cg-1S)[ddRADseq 2:1]	2014-08-10 13:00:42 -> 13:15:20
fengtau(Cg_4S)[ddRADseq 2:1]	2014-08-10 13:05:26 -> 13:24:52
fengtau(Cg_4L)[ddRADseq 2:1]	2014-08-10 13:07:45 -> 13:27:16
fengtau(Lan)[WGseq 1:1]	2014-08-10 13:38:15 -> 13:53:28
aforche(E3)[ddRADseq 2:2]	2014-08-10 21:14:53 -> 21:50:12
aforche(E4)[ddRADseq 2:2]	2014-08-10 21:14:53 -> 21:56:59
aforche(E1)[ddRADseq 2:2]	2014-08-10 21:14:53 -> 22:15:49
aforche(D11)[ddRADseq 2:2]	2014-08-11 11:25:41 -> 12:09:57
aforche(E5)[ddRADseq 2:2]	2014-08-11 12:40:58 -> 13:08:48
aforche(E7)[ddRADseq 2:2]	2014-08-11 13:41:22 -> 14:35:58
aforche(E6)[ddRADseq 2:2]	2014-08-11 13:41:51 -> 14:36:03
aforche(E8)[ddRADseq 2:2]	2014-08-11 15:16:13 -> 16:02:13
aforche(E9)[ddRADseq 2:2]	2014-08-11 15:16:57 -> 16:11:03
aforche(E10)[ddRADseq 2:2]	2014-08-11 15:23:02 -> 16:18:48
aforche(F1)[ddRADseq 2:2]	2014-08-11 17:32:41 -> 18:02:29
aforche(F2)[ddRADseq 2:2]	2014-08-11 17:36:51 -> 18:18:12
aforche(E8)[ddRADseq 2:2]	2014-08-11 17:33:53 -> 18:20:58
aforche(E11)[ddRADseq 2:2]	2014-08-11 17:36:11 -> 18:33:01
aforche(F3)[ddRADseq 2:2]	2014-08-11 17:45:38 -> 18:50:04
fengtau(Ca_H3_20)[ddRADseq 2:1]	2014-08-12 03:28:11 -> 05:02:41
fengtau(Ca_G11_4)[ddRADseq 2:1]	2014-08-12 03:38:12 -> 05:08:32
aforche(F5)[ddRADseq 2:2]	2014-08-12 09:09:58 -> 10:09:04
aforche(F6)[ddRADseq 2:2]	2014-08-12 09:10:30 -> 10:10:09
aforche(F8)[ddRADseq 2:2]	2014-08-12 09:12:29 -> 10:14:39
aforche(F7)[ddRADseq 2:2]	2014-08-12 09:15:11 -> 10:22:59
aforche(F4)[ddRADseq 2:2]	2014-08-12 09:12:58 -> 10:28:02
darren1(testing_hapmap)[WGseq 1:1]	2014-08-14 00:50:39 -> 01:24:31
darren1(testing_hapmap_2)[WGseq 1:1]	2014-08-14 02:03:29 -> 02:40:02
darren1(testing_hapmap_2)[WGseq 1:1]	darren1(testing_hapmap_3)[WGseq 1:1]	2014-08-14 03:24:52 -> 04:01:41
darren1(Fig_08D_YJB12353-WGseq)[WGseq 1:1]	2014-08-14 05:31:29 -> 06:17:25
darren1(Fig_05D_YJB12746)[WGseq 1:1]	2014-08-14 05:20:50 -> 06:24:09
darren1(Fig_03A_FH6_raw)[WGseq 1:1]	2014-08-14 05:06:50 -> 06:30:33
darren1(Fig_03B_FH6_corrected)[WGseq 1:1]	2014-08-14 05:06:41 -> 06:31:24
darren1(Fig_05B_FH1)[WGseq 1:1]	2014-08-14 05:20:34 -> 06:32:27
darren1(Fig_08A_YJB10490-WGseq)[WGseq 1:1]	2014-08-14 05:30:14 -> 06:35:30
darren1(Fig_09A_SC5314-trisomy)[WGseq 1:1]	2014-08-14 05:44:23 -> 06:42:50
darren1(Fig_09B_FH1)[WGseq 1:1]	2014-08-14 05:44:25 -> 06:53:29
darren1(Fig_02A_YQ2_raw)[WGseq 1:1]	2014-08-14 05:07:25 -> 06:53:49
darren1(Fig_02B_YQ2_corrected)[WGseq 1:1]	2014-08-14 05:07:19 -> 06:56:10
darren1(Fig_05A_SC5314-SRR868699)[WGseq 1:1]	2014-08-14 05:22:35 -> 07:07:22
darren1(Fig_09E_YL1-ERR263534)[WGseq 1:1]	2014-08-14 05:44:44 -> 07:15:57
darren1(Fig_09A_SC5314-LOH-SRR868699)[WGseq 1:1]	2014-08-14 05:47:52 -> 07:25:15
darren1(Fig_09F_YQ2-ERR263538)[WGseq 1:1]	2014-08-14 05:45:09 -> 07:29:20
darren1(Fig_09D_ATCC10231-SRR852112)[WGseq 1:1]	2014-08-14 05:58:00 -> 07:29:50
darren1(Fig_09C_ATCC200955-SRR868706)[WGseq 1:1]	2014-08-14 05:57:46 -> 07:30:50
darren1(Fig_02B_YQ2_corrected)[WGseq 1:1]	darren1(Fig_02B_YQ2_corrected)[WGseq 1:1]	darren1(Fig_03B_FH6_corrected)[WGseq 1:1]	darren1(Fig_04_11461)[ddRADseq 2:3]	darren1(Fig_04_11461)[ddRADseq 2:3]	morlurie(16)[WGseq 1:1]	2014-08-17 03:50:47 -> 05:06:30
morlurie(64)[WGseq 1:1]	2014-08-17 06:47:59 -> 08:23:30
darren1(Fig_08B_YJB12229-ddRADseq)[ddRADseq 2:3]	2014-08-18 01:26:22 -> 02:46:46
darren1(Fig_06_SC5314)[ddRADseq 2:3]	2014-08-18 01:34:41 -> 03:48:26
morlurie(304)[WGseq 1:1]	2014-08-18 02:39:57 -> 04:22:52
morlurie(1646)[WGseq 1:1]	2014-08-18 03:25:18 -> 04:54:24
darren1(Fig_04_11461_v_SC5314_v_hapmap)[ddRADseq 2:3]	2014-08-18 01:01:29 -> 05:19:43
darren1(Fig_08A_YJB10490-WGseq)[WGseq 1:1]	darren1(Fig_08A_YJB10490-WGseq)[WGseq 1:1]	darren1(Fig_06C_YJB12712-d2)[ddRADseq 2:3]	2014-08-18 01:54:29 -> 05:39:42
darren1(Fig_06C_YJB12712-d9)[ddRADseq 2:3]	2014-08-18 01:53:10 -> 05:52:49
darren1(Fig_06B_YJB12712-d1)[ddRADseq 2:3]	2014-08-18 01:56:00 -> 05:56:09
morlurie(1775)[WGseq 1:1]	2014-08-18 05:04:13 -> 06:19:05
morlurie(2268)[WGseq 1:1]	2014-08-18 06:08:22 -> 07:01:35
morlurie(78)[WGseq 1:1]	2014-08-18 07:02:34 -> 08:10:02
darren1(Fig_09A_SC5314-ancestral-SRR850113)[WGseq 1:1]	2014-08-18 06:16:55 -> 08:16:44
darren1(Fig_05C_FH5)[WGseq 1:1]	2014-08-18 09:28:44 -> 10:26:41
darren1(Fig_08B_YJB12229-ddRADseq)[ddRADseq 2:3]	2014-08-18 07:29:00 -> 10:28:40
darren1(Fig_06A_YJB12712-d1)[ddRADseq 2:3]	2014-08-18 06:51:47 -> 10:33:00
darren1(Fig_05C_FH5)[WGseq 1:1]	darren1(Fig_05C_FH5)[WGseq 1:1]	darren1(Fig_06A_YJB12712-d1)[ddRADseq 2:3]	darren1(Fig_06A_YJB12712-d1)[ddRADseq 2:3]	darren1(Fig_09F_YQ2-ERR263538)[WGseq 1:1]	darren1(Fig_09E_YL1-ERR263534)[WGseq 1:1]	2014-08-18 18:20:52 -> 19:32:47
darren1(Fig_06B_YJB12712-d1)[ddRADseq 2:3]	2014-08-18 16:29:45 -> 19:57:25
darren1(Fig_04_9442)[ddRADseq 2:3]	2014-08-18 15:42:01 -> 20:04:05
darren1(Fig_04_11461)[ddRADseq 2:3]	2014-08-18 15:44:05 -> 20:20:26
darren1(Fig_10_FH1)[WGseq 1:1]	2014-08-19 00:02:57 -> 00:47:14
darren1(Fig_10_FH2)[WGseq 1:1]	2014-08-19 02:15:51 -> 03:02:17
morlurie(12)[WGseq 1:1]	2014-08-19 07:46:10 -> 08:56:36
morlurie(ATTC)[WGseq 1:1]	2014-08-19 08:51:08 -> 10:11:10
darren1(Fig_10_FH3)[WGseq 1:1]	2014-08-19 11:54:33 -> 12:44:42
darren1(Fig_10_FH4)[WGseq 1:1]	darren1(Fig_10_FH5)[WGseq 1:1]	2014-08-19 13:42:38 -> 14:31:31
darren1(Fig_10_FH4)[WGseq 1:1]	2014-08-19 17:25:00 -> 18:13:48
darren1(Fig_10_FH6)[WGseq 1:1]	2014-08-19 21:58:53 -> 22:52:40
darren1(Fig_10_FH7)[WGseq 1:1]	2014-08-20 00:15:36 -> 01:05:33
darren1(Fig_10_FH8)[WGseq 1:1]	2014-08-20 02:13:18 -> 03:03:19
darren1(Fig_10_FH9)[WGseq 1:1]	2014-08-20 06:10:07 -> 06:59:54
aforche(F9)[ddRADseq 2:2]	2014-08-21 11:57:20 -> 13:21:27
aforche(F11)[ddRADseq 2:2]	2014-08-21 15:26:54 -> 16:10:38
aforche(G1)[ddRADseq 2:2]	2014-08-21 15:25:15 -> 16:11:22
aforche(F10)[ddRADseq 2:2]	2014-08-21 15:25:42 -> 16:15:30
aforche(F12)[ddRADseq 2:2]	2014-08-21 15:30:52 -> 16:58:27
aforche(G4)[ddRADseq 2:2]	2014-08-22 09:13:42 -> 09:58:51
aforche(G2)[ddRADseq 2:2]	2014-08-22 09:12:44 -> 10:11:44
aforche(G5)[ddRADseq 2:2]	2014-08-22 09:13:16 -> 10:19:37
aforche(G3)[ddRADseq 2:2]	2014-08-22 09:13:51 -> 10:34:58
aforche(G11)[ddRADseq 2:2]	2014-08-22 13:36:20 -> 14:22:39
aforche(G6)[ddRADseq 2:2]	2014-08-22 13:38:30 -> 14:31:56
aforche(G8)[ddRADseq 2:2]	2014-08-22 13:37:23 -> 14:37:22
aforche(G10)[ddRADseq 2:2]	2014-08-22 13:37:11 -> 14:45:43
aforche(G12)[ddRADseq 2:3]	2014-08-22 13:39:11 -> 15:03:34
aforche(G9)[ddRADseq 2:2]	2014-08-22 13:40:12 -> 15:12:24
aforche(G7)[ddRADseq 2:2]	2014-08-22 13:41:08 -> 15:17:12
aforche(H1)[ddRADseq 2:2]	2014-08-22 15:21:53 -> 16:00:54
aforche(H10)[ddRADseq 2:2]	2014-08-22 15:24:19 -> 16:10:40
aforche(H2)[ddRADseq 2:2]	2014-08-22 15:22:48 -> 16:20:29
aforche(H5)[ddRADseq 2:2]	2014-08-22 15:23:22 -> 16:25:50
aforche(H7)[ddRADseq 2:2]	2014-08-22 15:24:08 -> 16:28:37
aforche(H8)[ddRADseq 2:2]	2014-08-22 15:24:24 -> 16:29:31
aforche(H3)[ddRADseq 2:2]	2014-08-22 15:23:14 -> 16:31:40
aforche(H11)[ddRADseq 2:2]	2014-08-22 15:25:23 -> 16:40:16
aforche(H6)[ddRADseq 2:2]	2014-08-22 15:24:53 -> 16:40:46
aforche(H4)[ddRADseq 2:2]	2014-08-22 15:24:32 -> 16:42:23
aforche(H12)[ddRADseq 2:2]	2014-08-22 15:26:20 -> 16:46:28
aforche(H9)[ddRADseq 2:2]	2014-08-22 15:26:05 -> 16:48:43
morlurie(A2_radseq)[ddRADseq 2:1]	2014-08-27 06:11:04 -> 07:06:00
morlurie(A1_radseq)[ddRADseq 2:1]	2014-08-27 04:39:16 -> 07:27:56
morlurie(A1_zip2)[ddRADseq 2:1]	2014-09-02 03:48:04 -> 06:34:25
aforche(A3)[ddRADseq 2:2]	2014-09-02 16:15:29 -> 16:56:49
aforche(A2)[ddRADseq 2:2]	2014-09-02 16:14:42 -> 16:56:57
aforche(A1)[ddRADseq 2:2]	2014-09-02 16:14:21 -> 17:03:42
morlurie(A3_nozip)[ddRADseq 2:1]	2014-09-03 08:00:56 -> 08:21:24
mhickm3(MHsc5314)[ddRADseq 2:3]	2014-09-05 15:51:24 -> 17:51:41
mhickm3(MAH014)[ddRADseq 2:3]	2014-09-08 16:40:41 -> 18:31:01
mhickm3(MAH003)[ddRADseq 2:3]	2014-09-08 16:23:07 -> 21:54:48
mhickm3(MAH001)[ddRADseq 2:0]	2014-09-08 16:05:19 -> 21:59:22
mhickm3(MAH005)[ddRADseq 2:3]	2014-09-08 16:23:23 -> 22:03:16
mhickm3(MAH004)[ddRADseq 2:3]	2014-09-08 16:23:15 -> 22:03:58
mhickm3(MAH015)[ddRADseq 2:3]	2014-09-08 16:45:51 -> 23:05:04
mhickm3(MAH008)[ddRADseq 2:3]	2014-09-08 16:46:20 -> 23:06:16
mhickm3(MAH002)[ddRADseq 2:3]	2014-09-08 16:45:23 -> 23:17:31
mhickm3(MAH011)[ddRADseq 2:3]	2014-09-08 16:46:33 -> 23:23:00
mhickm3(MAH019)[ddRADseq 2:3]	2014-09-08 16:46:07 -> 23:23:32
mhickm3(MAH010)[ddRADseq 2:3]	2014-09-08 16:46:30 -> 23:24:49
mhickm3(MAH017)[ddRADseq 2:3]	2014-09-08 16:46:29 -> 23:30:53
mhickm3(MAH006)[ddRADseq 2:3]	2014-09-08 16:46:46 -> 23:31:18
mhickm3(MAH013)[ddRADseq 2:3]	2014-09-08 16:46:35 -> 23:32:39
mhickm3(MAH020)[ddRADseq 2:3]	2014-09-08 16:46:27 -> 23:35:54
mhickm3(MAH018)[ddRADseq 2:3]	2014-09-08 16:46:34 -> 23:37:00
mhickm3(MAH009)[ddRADseq 2:3]	2014-09-08 16:46:56 -> 23:38:03
mhickm3(MAH012)[ddRADseq 2:3]	2014-09-08 16:46:49 -> 23:39:08
mhickm3(MAH007)[ddRADseq 2:3]	2014-09-08 16:47:10 -> 23:45:41
mhickm3(MAH016)[ddRADseq 2:3]	2014-09-08 16:47:11 -> 23:52:02
mhickm3(MAH166)[ddRADseq 2:3]	2014-09-09 16:53:39 -> 20:15:18
aforche(F1)[ddRADseq 2:2]	2014-09-11 08:48:50 -> 09:32:50
aforche(B8)[ddRADseq 2:2]	2014-09-11 08:48:33 -> 09:57:40
mhickm3(12712P)[ddRADseq 2:3]	2014-09-11 15:29:49 -> 15:42:04
morlurie(bg2_test)[WGseq 1:1]	2014-09-14 10:00:13 -> 16:15:00
morlurie(BG2)[WGseq 1:1]	2014-09-15 06:07:10 -> 12:23:42
morlurie(bg22)[WGseq 1:1]	2014-09-17 08:20:45 -> 14:39:34
